
ROM used:   1473/8192 (18%)
            1473/8192 (18%) including unused fragments

            1.2 Average locations per line
            8.1 Average locations per statement

RAM used:   20/368 (5%) at main() level
            42/368 (11%) worst case

Stack used: 6 worst case (6 in main + 0 for interrupts)
Stack size: 8

Lines Stmts  %   Files
----- ----- ---  -----
  159    97  54  ejemplo3.c
  578     0   0  ..\..\..\..\..\..\Program Files (x86)\PICC\Devices\16f876.h
  456    84  46  ..\..\..\..\..\..\Program Files (x86)\PICC\Drivers\lcd.c
----- -----
 1193   181 Total

Page ROM  %  RAM   Vol Diff  Functions:
---- --- --- ---   --- ----  ----------
0     21   1    1             @delay_ms1
0      8   1    0             @const602
 Inline         3   596  5.9  lcd_read_byte
0      6   0    0    59  4.2  lcd_read_nibble
0     12   1    1   179  3.3  lcd_send_nibble
0     64   4    3   460  4.7  lcd_send_byte
0     51   3    2   667  5.9  lcd_init
0     18   1    4   208  6.3  lcd_gotoxy
0     44   3    1   354  4.7  lcd_putc
 Inline         2   377  3.7  medir
0      1   0    0             @const639
0     86   6    4             @PSTRINGC7_620
0      7   0    0             @const641
0      4   0    0             @const642
0      1   0    0             @const643
 Inline         2   377  3.7  calibrar
0      1   0    0             @const646
0      7   0    0             @const647
0      4   0    0             @const648
0      1   0    0             @const649
 Inline         2   377  3.7  inicializar
0      1   0    0             @const652
0      7   0    0             @const653
0      4   0    0             @const654
0      1   0    0  1802  8.8  @const655
0    232  16    1   131  3.1  run_func
0    343  23   14  1802  8.8  MAIN
0     31   2    2             @ITOF
0    117   8   13             @MULFF
 Inline         5             @FTOSD
0     79   5   13             @DIV3232
0    226  15   13             @PRINTF_L32D_620FPFPF
0      2   0    0             @const679
0     63   4   10             @FLT
0      3   0    0             @const683
0      6   0    0             @const684
0      3   0    0             @const685
0      6   0    0             @const686
0      3   0    0             @const687
0      6   0    0             @const688
 Inline         0             @cinit1

Program metrics:
    Functions               13
    Statements              181
    Comments                229
    Volume (V)              11499
    Difficulty (D)          62.1
    Effort to implement (E) 713577
    Time to implement (T)   11 hours, 1 minutes
    Est Delivered Bugs (B)  3
    Cyclomatic Complexity   30
    Maintainability (MI)    103

 Segment     Used  Free
-----------  ----  ----
00000-00003     4  0  
00004-007FF  1469  575  
00800-00FFF     0  2048  
01000-017FF     0  2048  
01800-01FFF     0  2048  



