CCS PCM C Compiler, Version 5.010, 5967               01-oct-16 20:08

               Filename:   C:\Users\castiel\Desktop\archivos clases ccs y simulation proteus\menu\programa3\ejemplo3.lst

               ROM used:   1473 words (18%)
                           Largest free fragment is 2048
               RAM used:   20 (5%) at main() level
                           42 (11%) worst case
               Stack used: 6 locations
               Stack size: 8

*
0000:  MOVLW  04
0001:  MOVWF  0A
0002:  GOTO   46A
0003:  NOP
.................... #include <16f876.h> 
.................... //////// Standard Header file for the PIC16F876 device //////////////// 
.................... #device PIC16F876 
0004:  BCF    0A.0
0005:  BCF    0A.1
0006:  BCF    0A.2
0007:  ADDWF  02,F
0008:  RETLW  28
0009:  RETLW  0C
000A:  RETLW  01
000B:  RETLW  06
000C:  DATA 0C,00
000D:  DATA D2,32
000E:  DATA 66,39
000F:  DATA E9,33
0010:  DATA 65,39
0011:  DATA 61,37
0012:  DATA E4,37
0013:  DATA 00,01
0014:  DATA E5,39
0015:  DATA F0,32
0016:  DATA F2,32
0017:  DATA 00,01
0018:  DATA 0C,00
0019:  DATA 0C,00
001A:  DATA D2,32
001B:  DATA 66,39
001C:  DATA E9,33
001D:  DATA 65,39
001E:  DATA 61,37
001F:  DATA E4,37
0020:  DATA 00,01
0021:  DATA E5,39
0022:  DATA F0,32
0023:  DATA F2,32
0024:  DATA 00,01
0025:  DATA 0C,00
0026:  DATA 0C,00
0027:  DATA D2,32
0028:  DATA 66,39
0029:  DATA E9,33
002A:  DATA 65,39
002B:  DATA 61,37
002C:  DATA E4,37
002D:  DATA 00,01
002E:  DATA E5,39
002F:  DATA F0,32
0030:  DATA F2,32
0031:  DATA 00,01
0032:  DATA 0C,00
0033:  DATA EF,21
0034:  DATA 00,00
0035:  DATA D4,32
0036:  DATA 6D,38
0037:  DATA 3D,00
0038:  DATA CD,34
0039:  DATA EE,3A
003A:  DATA F4,37
003B:  DATA 73,10
003C:  DATA 3A,10
003D:  DATA 31,00
003E:  DATA D4,32
003F:  DATA 6D,38
0040:  DATA 3D,00
0041:  DATA CD,34
0042:  DATA EE,3A
0043:  DATA F4,37
0044:  DATA 73,10
0045:  DATA 3A,10
0046:  DATA 32,00
0047:  DATA D4,32
0048:  DATA 6D,38
0049:  DATA 3D,00
004A:  DATA CD,34
004B:  DATA EE,3A
004C:  DATA F4,37
004D:  DATA 73,10
004E:  DATA 3A,10
004F:  DATA 33,00
*
00EA:  MOVLW  8E
00EB:  MOVWF  77
00EC:  MOVF   2C,W
00ED:  MOVWF  78
00EE:  MOVF   2B,W
00EF:  MOVWF  79
00F0:  CLRF   7A
00F1:  MOVF   78,F
00F2:  BTFSS  03.2
00F3:  GOTO   0FE
00F4:  MOVF   79,W
00F5:  MOVWF  78
00F6:  CLRF   79
00F7:  MOVLW  08
00F8:  SUBWF  77,F
00F9:  MOVF   78,F
00FA:  BTFSS  03.2
00FB:  GOTO   0FE
00FC:  CLRF   77
00FD:  GOTO   106
00FE:  BCF    03.0
00FF:  BTFSC  78.7
0100:  GOTO   105
0101:  RLF    79,F
0102:  RLF    78,F
0103:  DECF   77,F
0104:  GOTO   0FE
0105:  BCF    78.7
0106:  BCF    0A.3
0107:  BCF    0A.4
0108:  GOTO   497 (RETURN)
0109:  MOVF   38,W
010A:  BTFSC  03.2
010B:  GOTO   179
010C:  MOVWF  40
010D:  MOVF   3C,W
010E:  BTFSC  03.2
010F:  GOTO   179
0110:  ADDWF  40,F
0111:  BTFSC  03.0
0112:  GOTO   11A
0113:  MOVLW  7F
0114:  SUBWF  40,F
0115:  BTFSS  03.0
0116:  GOTO   179
0117:  BTFSC  03.2
0118:  GOTO   179
0119:  GOTO   11E
011A:  MOVLW  81
011B:  ADDWF  40,F
011C:  BTFSC  03.0
011D:  GOTO   179
011E:  MOVF   40,W
011F:  MOVWF  77
0120:  CLRF   78
0121:  CLRF   79
0122:  CLRF   7A
0123:  MOVF   39,W
0124:  MOVWF  44
0125:  BSF    44.7
0126:  MOVF   3A,W
0127:  MOVWF  43
0128:  MOVF   3B,W
0129:  MOVWF  42
012A:  MOVLW  18
012B:  MOVWF  40
012C:  CLRF   41
012D:  BTFSS  42.0
012E:  GOTO   147
012F:  MOVF   3F,W
0130:  ADDWF  7A,F
0131:  BTFSS  03.0
0132:  GOTO   139
0133:  INCF   79,F
0134:  BTFSS  03.2
0135:  GOTO   139
0136:  INCF   78,F
0137:  BTFSC  03.2
0138:  BSF    41.7
0139:  MOVF   3E,W
013A:  ADDWF  79,F
013B:  BTFSS  03.0
013C:  GOTO   140
013D:  INCF   78,F
013E:  BTFSC  03.2
013F:  BSF    41.7
0140:  MOVF   3D,W
0141:  MOVWF  3A
0142:  BSF    3A.7
0143:  MOVF   3A,W
0144:  ADDWF  78,F
0145:  BTFSC  03.0
0146:  BSF    41.7
0147:  RLF    41,F
0148:  RRF    78,F
0149:  RRF    79,F
014A:  RRF    7A,F
014B:  RRF    44,F
014C:  RRF    43,F
014D:  RRF    42,F
014E:  BCF    03.0
014F:  DECFSZ 40,F
0150:  GOTO   12C
0151:  MOVLW  01
0152:  ADDWF  77,F
0153:  BTFSC  03.0
0154:  GOTO   179
0155:  BTFSC  78.7
0156:  GOTO   15E
0157:  RLF    44,F
0158:  RLF    7A,F
0159:  RLF    79,F
015A:  RLF    78,F
015B:  DECF   77,F
015C:  BTFSC  03.2
015D:  GOTO   179
015E:  BTFSS  44.7
015F:  GOTO   16F
0160:  INCF   7A,F
0161:  BTFSS  03.2
0162:  GOTO   16F
0163:  INCF   79,F
0164:  BTFSS  03.2
0165:  GOTO   16F
0166:  INCF   78,F
0167:  BTFSS  03.2
0168:  GOTO   16F
0169:  RRF    78,F
016A:  RRF    79,F
016B:  RRF    7A,F
016C:  INCF   77,F
016D:  BTFSC  03.2
016E:  GOTO   179
016F:  MOVF   39,W
0170:  MOVWF  41
0171:  MOVF   3D,W
0172:  XORWF  41,F
0173:  BTFSS  41.7
0174:  GOTO   177
0175:  BSF    78.7
0176:  GOTO   17D
0177:  BCF    78.7
0178:  GOTO   17D
0179:  CLRF   77
017A:  CLRF   78
017B:  CLRF   79
017C:  CLRF   7A
017D:  RETURN
*
0190:  BTFSC  03.1
0191:  GOTO   195
0192:  MOVLW  40
0193:  MOVWF  04
0194:  BCF    03.7
0195:  CLRF   77
0196:  CLRF   78
0197:  CLRF   79
0198:  CLRF   7A
0199:  CLRF   40
019A:  CLRF   41
019B:  CLRF   42
019C:  CLRF   43
019D:  MOVF   3F,W
019E:  IORWF  3E,W
019F:  IORWF  3D,W
01A0:  IORWF  3C,W
01A1:  BTFSC  03.2
01A2:  GOTO   1D3
01A3:  MOVLW  20
01A4:  MOVWF  44
01A5:  BCF    03.0
01A6:  RLF    38,F
01A7:  RLF    39,F
01A8:  RLF    3A,F
01A9:  RLF    3B,F
01AA:  RLF    40,F
01AB:  RLF    41,F
01AC:  RLF    42,F
01AD:  RLF    43,F
01AE:  MOVF   3F,W
01AF:  SUBWF  43,W
01B0:  BTFSS  03.2
01B1:  GOTO   1BC
01B2:  MOVF   3E,W
01B3:  SUBWF  42,W
01B4:  BTFSS  03.2
01B5:  GOTO   1BC
01B6:  MOVF   3D,W
01B7:  SUBWF  41,W
01B8:  BTFSS  03.2
01B9:  GOTO   1BC
01BA:  MOVF   3C,W
01BB:  SUBWF  40,W
01BC:  BTFSS  03.0
01BD:  GOTO   1CD
01BE:  MOVF   3C,W
01BF:  SUBWF  40,F
01C0:  MOVF   3D,W
01C1:  BTFSS  03.0
01C2:  INCFSZ 3D,W
01C3:  SUBWF  41,F
01C4:  MOVF   3E,W
01C5:  BTFSS  03.0
01C6:  INCFSZ 3E,W
01C7:  SUBWF  42,F
01C8:  MOVF   3F,W
01C9:  BTFSS  03.0
01CA:  INCFSZ 3F,W
01CB:  SUBWF  43,F
01CC:  BSF    03.0
01CD:  RLF    77,F
01CE:  RLF    78,F
01CF:  RLF    79,F
01D0:  RLF    7A,F
01D1:  DECFSZ 44,F
01D2:  GOTO   1A5
01D3:  MOVF   40,W
01D4:  MOVWF  00
01D5:  INCF   04,F
01D6:  MOVF   41,W
01D7:  MOVWF  00
01D8:  INCF   04,F
01D9:  MOVF   42,W
01DA:  MOVWF  00
01DB:  INCF   04,F
01DC:  MOVF   43,W
01DD:  MOVWF  00
01DE:  RETURN
*
020B:  MOVF   04,W
020C:  MOVWF  30
020D:  MOVF   2F,W
020E:  MOVWF  32
020F:  BTFSC  03.2
0210:  GOTO   22A
0211:  MOVF   2E,W
0212:  MOVWF  3B
0213:  MOVF   2D,W
0214:  MOVWF  3A
0215:  MOVF   2C,W
0216:  MOVWF  39
0217:  MOVF   2B,W
0218:  MOVWF  38
0219:  CLRF   3F
021A:  CLRF   3E
021B:  MOVLW  20
021C:  MOVWF  3D
021D:  MOVLW  82
021E:  MOVWF  3C
021F:  CALL   109
0220:  MOVF   7A,W
0221:  MOVWF  2E
0222:  MOVF   79,W
0223:  MOVWF  2D
0224:  MOVF   78,W
0225:  MOVWF  2C
0226:  MOVF   77,W
0227:  MOVWF  2B
0228:  DECFSZ 32,F
0229:  GOTO   211
022A:  MOVF   2E,W
022B:  MOVWF  3B
022C:  MOVF   2D,W
022D:  MOVWF  3A
022E:  MOVF   2C,W
022F:  MOVWF  39
0230:  MOVF   2B,W
0231:  MOVWF  38
0232:  MOVF   38,W
0233:  SUBLW  B6
0234:  MOVWF  38
0235:  CLRF   7A
0236:  MOVF   39,W
0237:  MOVWF  3C
0238:  BSF    39.7
0239:  BCF    03.0
023A:  RRF    39,F
023B:  RRF    3A,F
023C:  RRF    3B,F
023D:  RRF    7A,F
023E:  RRF    79,F
023F:  RRF    78,F
0240:  RRF    77,F
0241:  DECFSZ 38,F
0242:  GOTO   239
0243:  BTFSS  3C.7
0244:  GOTO   250
0245:  COMF   77,F
0246:  COMF   78,F
0247:  COMF   79,F
0248:  COMF   7A,F
0249:  INCF   77,F
024A:  BTFSC  03.2
024B:  INCF   78,F
024C:  BTFSC  03.2
024D:  INCF   79,F
024E:  BTFSC  03.2
024F:  INCF   7A,F
0250:  MOVF   7A,W
0251:  MOVWF  2E
0252:  MOVF   79,W
0253:  MOVWF  2D
0254:  MOVF   78,W
0255:  MOVWF  2C
0256:  MOVF   77,W
0257:  MOVWF  2B
0258:  BTFSS  2E.7
0259:  GOTO   267
025A:  DECF   30,F
025B:  BSF    30.5
025C:  COMF   2B,F
025D:  COMF   2C,F
025E:  COMF   2D,F
025F:  COMF   2E,F
0260:  INCF   2B,F
0261:  BTFSC  03.2
0262:  INCF   2C,F
0263:  BTFSC  03.2
0264:  INCF   2D,F
0265:  BTFSC  03.2
0266:  INCF   2E,F
0267:  MOVLW  3B
0268:  MOVWF  37
0269:  MOVLW  9A
026A:  MOVWF  36
026B:  MOVLW  CA
026C:  MOVWF  35
026D:  CLRF   34
026E:  MOVLW  0A
026F:  MOVWF  32
0270:  MOVF   2F,W
0271:  BTFSC  03.2
0272:  INCF   30,F
0273:  BSF    03.1
0274:  MOVLW  2B
0275:  MOVWF  04
0276:  BCF    03.7
0277:  MOVF   2E,W
0278:  MOVWF  3B
0279:  MOVF   2D,W
027A:  MOVWF  3A
027B:  MOVF   2C,W
027C:  MOVWF  39
027D:  MOVF   2B,W
027E:  MOVWF  38
027F:  MOVF   37,W
0280:  MOVWF  3F
0281:  MOVF   36,W
0282:  MOVWF  3E
0283:  MOVF   35,W
0284:  MOVWF  3D
0285:  MOVF   34,W
0286:  MOVWF  3C
0287:  CALL   190
0288:  MOVF   78,W
0289:  MOVF   77,F
028A:  BTFSS  03.2
028B:  GOTO   29F
028C:  INCF   2F,W
028D:  SUBWF  32,W
028E:  BTFSC  03.2
028F:  GOTO   29F
0290:  MOVF   30,W
0291:  BTFSC  03.2
0292:  GOTO   2A1
0293:  ANDLW  0F
0294:  SUBWF  32,W
0295:  BTFSC  03.2
0296:  GOTO   299
0297:  BTFSC  03.0
0298:  GOTO   2D1
0299:  BTFSC  30.7
029A:  GOTO   2D1
029B:  BTFSC  30.6
029C:  GOTO   2A1
029D:  MOVLW  20
029E:  GOTO   2CD
029F:  MOVLW  20
02A0:  ANDWF  30,F
02A1:  BTFSS  30.5
02A2:  GOTO   2AF
02A3:  BCF    30.5
02A4:  MOVF   2F,W
02A5:  BTFSS  03.2
02A6:  DECF   30,F
02A7:  MOVF   77,W
02A8:  MOVWF  30
02A9:  MOVLW  2D
02AA:  MOVWF  38
02AB:  CALL   1DF
02AC:  MOVF   30,W
02AD:  MOVWF  77
02AE:  CLRF   30
02AF:  MOVF   2F,W
02B0:  SUBWF  32,W
02B1:  BTFSS  03.2
02B2:  GOTO   2BD
02B3:  MOVF   77,W
02B4:  MOVWF  30
02B5:  MOVLW  2E
02B6:  MOVWF  38
02B7:  CALL   1DF
02B8:  MOVF   30,W
02B9:  MOVWF  77
02BA:  MOVLW  20
02BB:  ANDWF  30,F
02BC:  MOVLW  00
02BD:  MOVLW  30
02BE:  BTFSS  30.5
02BF:  GOTO   2CD
02C0:  BCF    30.5
02C1:  MOVF   2F,W
02C2:  BTFSS  03.2
02C3:  DECF   30,F
02C4:  MOVF   77,W
02C5:  MOVWF  30
02C6:  MOVLW  2D
02C7:  MOVWF  38
02C8:  CALL   1DF
02C9:  MOVF   30,W
02CA:  MOVWF  77
02CB:  CLRF   30
02CC:  MOVLW  30
02CD:  ADDWF  77,F
02CE:  MOVF   77,W
02CF:  MOVWF  38
02D0:  CALL   1DF
02D1:  BCF    03.1
02D2:  MOVF   37,W
02D3:  MOVWF  3B
02D4:  MOVF   36,W
02D5:  MOVWF  3A
02D6:  MOVF   35,W
02D7:  MOVWF  39
02D8:  MOVF   34,W
02D9:  MOVWF  38
02DA:  CLRF   3F
02DB:  CLRF   3E
02DC:  CLRF   3D
02DD:  MOVLW  0A
02DE:  MOVWF  3C
02DF:  CALL   190
02E0:  MOVF   7A,W
02E1:  MOVWF  37
02E2:  MOVF   79,W
02E3:  MOVWF  36
02E4:  MOVF   78,W
02E5:  MOVWF  35
02E6:  MOVF   77,W
02E7:  MOVWF  34
02E8:  DECFSZ 32,F
02E9:  GOTO   273
02EA:  BCF    0A.3
02EB:  BCF    0A.4
02EC:  GOTO   4D2 (RETURN)
02ED:  MOVF   0B,W
02EE:  MOVWF  2D
02EF:  BCF    0B.7
02F0:  BSF    03.5
02F1:  BSF    03.6
02F2:  BSF    0C.7
02F3:  BSF    0C.0
02F4:  NOP
02F5:  NOP
02F6:  BCF    03.5
02F7:  BCF    03.6
02F8:  BTFSC  0C.7
02F9:  BSF    0B.7
02FA:  BSF    03.6
02FB:  MOVF   0C,W
02FC:  ANDLW  7F
02FD:  BTFSC  03.2
02FE:  GOTO   341
02FF:  BCF    03.6
0300:  MOVWF  2D
0301:  BSF    03.6
0302:  MOVF   0D,W
0303:  BCF    03.6
0304:  MOVWF  2E
0305:  BSF    03.6
0306:  MOVF   0F,W
0307:  BCF    03.6
0308:  MOVWF  2F
0309:  MOVF   2D,W
030A:  MOVWF  38
030B:  CALL   1DF
030C:  MOVF   2E,W
030D:  BSF    03.6
030E:  MOVWF  0D
030F:  BCF    03.6
0310:  MOVF   2F,W
0311:  BSF    03.6
0312:  MOVWF  0F
0313:  BCF    03.6
0314:  MOVF   0B,W
0315:  MOVWF  30
0316:  BCF    0B.7
0317:  BSF    03.5
0318:  BSF    03.6
0319:  BSF    0C.7
031A:  BSF    0C.0
031B:  NOP
031C:  NOP
031D:  BCF    03.5
031E:  BCF    03.6
031F:  BTFSC  0C.7
0320:  BSF    0B.7
0321:  BSF    03.6
0322:  RLF    0C,W
0323:  RLF    0E,W
0324:  ANDLW  7F
0325:  BTFSC  03.2
0326:  GOTO   341
0327:  BCF    03.6
0328:  MOVWF  2D
0329:  BSF    03.6
032A:  MOVF   0D,W
032B:  BCF    03.6
032C:  MOVWF  2E
032D:  BSF    03.6
032E:  MOVF   0F,W
032F:  BCF    03.6
0330:  MOVWF  2F
0331:  MOVF   2D,W
0332:  MOVWF  38
0333:  CALL   1DF
0334:  MOVF   2E,W
0335:  BSF    03.6
0336:  MOVWF  0D
0337:  BCF    03.6
0338:  MOVF   2F,W
0339:  BSF    03.6
033A:  MOVWF  0F
033B:  INCF   0D,F
033C:  BTFSC  03.2
033D:  INCF   0F,F
033E:  BCF    03.6
033F:  GOTO   2ED
0340:  BSF    03.6
0341:  BCF    03.6
0342:  RETURN
0343:  MOVF   30,W
0344:  MOVWF  37
0345:  MOVF   34,W
0346:  XORWF  37,F
0347:  BTFSS  37.7
0348:  GOTO   34E
0349:  BCF    03.2
034A:  BCF    03.0
034B:  BTFSC  30.7
034C:  BSF    03.0
034D:  GOTO   381
034E:  MOVF   30,W
034F:  MOVWF  37
0350:  MOVF   33,W
0351:  MOVWF  38
0352:  MOVF   2F,W
0353:  SUBWF  38,F
0354:  BTFSC  03.2
0355:  GOTO   35C
0356:  BTFSS  37.7
0357:  GOTO   381
0358:  MOVF   03,W
0359:  XORLW  01
035A:  MOVWF  03
035B:  GOTO   381
035C:  MOVF   34,W
035D:  MOVWF  38
035E:  MOVF   30,W
035F:  SUBWF  38,F
0360:  BTFSC  03.2
0361:  GOTO   368
0362:  BTFSS  37.7
0363:  GOTO   381
0364:  MOVF   03,W
0365:  XORLW  01
0366:  MOVWF  03
0367:  GOTO   381
0368:  MOVF   35,W
0369:  MOVWF  38
036A:  MOVF   31,W
036B:  SUBWF  38,F
036C:  BTFSC  03.2
036D:  GOTO   374
036E:  BTFSS  37.7
036F:  GOTO   381
0370:  MOVF   03,W
0371:  XORLW  01
0372:  MOVWF  03
0373:  GOTO   381
0374:  MOVF   36,W
0375:  MOVWF  38
0376:  MOVF   32,W
0377:  SUBWF  38,F
0378:  BTFSC  03.2
0379:  GOTO   380
037A:  BTFSS  37.7
037B:  GOTO   381
037C:  MOVF   03,W
037D:  XORLW  01
037E:  MOVWF  03
037F:  GOTO   381
0380:  BCF    03.0
0381:  RETURN
....................  
.................... #list 
....................  
.................... #fuses xt,nowdt,noput,nobrownout,nolvp,noprotect 
.................... #device adc=10 
.................... #use delay(clock= 4M) 
*
0050:  MOVLW  39
0051:  MOVWF  04
0052:  BCF    03.7
0053:  MOVF   00,W
0054:  BTFSC  03.2
0055:  GOTO   064
0056:  MOVLW  01
0057:  MOVWF  78
0058:  CLRF   77
0059:  DECFSZ 77,F
005A:  GOTO   059
005B:  DECFSZ 78,F
005C:  GOTO   058
005D:  MOVLW  4A
005E:  MOVWF  77
005F:  DECFSZ 77,F
0060:  GOTO   05F
0061:  GOTO   062
0062:  DECFSZ 00,F
0063:  GOTO   056
0064:  RETURN
.................... #include <lcd.c> 
.................... /////////////////////////////////////////////////////////////////////////////// 
.................... ////                             LCD.C                                     //// 
.................... ////                 Driver for common LCD modules                         //// 
.................... ////                                                                       //// 
.................... ////  lcd_init()   Must be called before any other function.               //// 
.................... ////                                                                       //// 
.................... ////  lcd_putc(c)  Will display c on the next position of the LCD.         //// 
.................... ////                 \a  Set cursor position to upper left                 //// 
.................... ////                 \f  Clear display, set cursor to upper left           //// 
.................... ////                 \n  Go to start of second line                        //// 
.................... ////                 \b  Move back one position                            //// 
.................... ////              If LCD_EXTENDED_NEWLINE is defined, the \n character     //// 
.................... ////              will erase all remanining characters on the current      //// 
.................... ////              line, and move the cursor to the beginning of the next   //// 
.................... ////              line.                                                    //// 
.................... ////              If LCD_EXTENDED_NEWLINE is defined, the \r character     //// 
.................... ////              will move the cursor to the start of the current         //// 
.................... ////              line.                                                    //// 
.................... ////                                                                       //// 
.................... ////  lcd_gotoxy(x,y) Set write position on LCD (upper left is 1,1)        //// 
.................... ////                                                                       //// 
.................... ////  lcd_getc(x,y)   Returns character at position x,y on LCD             //// 
.................... ////                                                                       //// 
.................... ////  lcd_cursor_on(int1 on)   Turn the cursor on (on=TRUE) or off         //// 
.................... ////              (on=FALSE).                                              //// 
.................... ////                                                                       //// 
.................... ////  lcd_set_cgram_char(w, *p)   Write a custom character to the CGRAM.   //// 
.................... ////                                                                       //// 
.................... ////                                                                       //// 
.................... ////  CONFIGURATION                                                        //// 
.................... ////  The LCD can be configured in one of two ways: a.) port access or     //// 
.................... ////  b.) pin access.  Port access requires the entire 7 bit interface     //// 
.................... ////  connected to one GPIO port, and the data bits (D4:D7 of the LCD)     //// 
.................... ////  connected to sequential pins on the GPIO.  Pin access                //// 
.................... ////  has no requirements, all 7 bits of the control interface can         //// 
.................... ////  can be connected to any GPIO using several ports.                    //// 
.................... ////                                                                       //// 
.................... ////  To use port access, #define LCD_DATA_PORT to the SFR location of     //// 
.................... ////  of the GPIO port that holds the interface, -AND- edit LCD_PIN_MAP    //// 
.................... ////  of this file to configure the pin order.  If you are using a         //// 
.................... ////  baseline PIC (PCB), then LCD_OUTPUT_MAP and LCD_INPUT_MAP also must  //// 
.................... ////  be defined.                                                          //// 
.................... ////                                                                       //// 
.................... ////  Example of port access:                                              //// 
.................... ////     #define LCD_DATA_PORT getenv("SFR:PORTD")                         //// 
.................... ////                                                                       //// 
.................... ////  To use pin access, the following pins must be defined:               //// 
.................... ////     LCD_ENABLE_PIN                                                    //// 
.................... ////     LCD_RS_PIN                                                        //// 
.................... ////     LCD_RW_PIN                                                        //// 
.................... ////     LCD_DATA4                                                         //// 
.................... ////     LCD_DATA5                                                         //// 
.................... ////     LCD_DATA6                                                         //// 
.................... ////     LCD_DATA7                                                         //// 
.................... ////                                                                       //// 
.................... ////  Example of pin access:                                               //// 
.................... ////     #define LCD_ENABLE_PIN  PIN_E0                                    //// 
.................... ////     #define LCD_RS_PIN      PIN_E1                                    //// 
.................... ////     #define LCD_RW_PIN      PIN_E2                                    //// 
.................... ////     #define LCD_DATA4       PIN_D4                                    //// 
.................... ////     #define LCD_DATA5       PIN_D5                                    //// 
.................... ////     #define LCD_DATA6       PIN_D6                                    //// 
.................... ////     #define LCD_DATA7       PIN_D7                                    //// 
.................... ////                                                                       //// 
.................... /////////////////////////////////////////////////////////////////////////////// 
.................... ////        (C) Copyright 1996,2010 Custom Computer Services           //// 
.................... //// This source code may only be used by licensed users of the CCS C  //// 
.................... //// compiler.  This source code may only be distributed to other      //// 
.................... //// licensed users of the CCS C compiler.  No other use, reproduction //// 
.................... //// or distribution is permitted without written permission.          //// 
.................... //// Derivative programs created using this software in object code    //// 
.................... //// form are not restricted in any way.                               //// 
.................... /////////////////////////////////////////////////////////////////////////// 
....................  
.................... #ifndef __LCD_C__ 
.................... #define __LCD_C__ 
....................  
.................... // define the pinout. 
.................... // only required if port access is being used. 
.................... typedef struct   
.................... {                            // This structure is overlayed 
....................    int1 enable;           // on to an I/O port to gain 
....................    int1 rs;               // access to the LCD pins. 
....................    int1 rw;               // The bits are allocated from 
....................    int1 unused;           // low order up.  ENABLE will 
....................    unsigned int     data : 4;         // be LSB pin of that port. 
....................   #if defined(__PCD__)       // The port used will be LCD_DATA_PORT. 
....................    unsigned int    reserved: 8; 
....................   #endif 
.................... } LCD_PIN_MAP; 
....................  
.................... // this is to improve compatability with previous LCD drivers that accepted 
.................... // a define labeled 'use_portb_lcd' that configured the LCD onto port B. 
.................... #if ((defined(use_portb_lcd)) && (use_portb_lcd==TRUE)) 
....................  #define LCD_DATA_PORT getenv("SFR:PORTB") 
.................... #endif 
....................  
.................... #if defined(__PCB__) 
....................    // these definitions only need to be modified for baseline PICs. 
....................    // all other PICs use LCD_PIN_MAP or individual LCD_xxx pin definitions. 
.................... /*                                    EN, RS,   RW,   UNUSED,  DATA  */ 
....................  const LCD_PIN_MAP LCD_OUTPUT_MAP =  {0,  0,    0,    0,       0}; 
....................  const LCD_PIN_MAP LCD_INPUT_MAP =   {0,  0,    0,    0,       0xF}; 
.................... #endif 
....................  
.................... ////////////////////// END CONFIGURATION /////////////////////////////////// 
....................  
.................... #ifndef LCD_ENABLE_PIN 
....................    #define lcd_output_enable(x) lcdlat.enable=x 
....................    #define lcd_enable_tris()   lcdtris.enable=0 
.................... #else 
....................    #define lcd_output_enable(x) output_bit(LCD_ENABLE_PIN, x) 
....................    #define lcd_enable_tris()  output_drive(LCD_ENABLE_PIN) 
.................... #endif 
....................  
.................... #ifndef LCD_RS_PIN 
....................    #define lcd_output_rs(x) lcdlat.rs=x 
....................    #define lcd_rs_tris()   lcdtris.rs=0 
.................... #else 
....................    #define lcd_output_rs(x) output_bit(LCD_RS_PIN, x) 
....................    #define lcd_rs_tris()  output_drive(LCD_RS_PIN) 
.................... #endif 
....................  
.................... #ifndef LCD_RW_PIN 
....................    #define lcd_output_rw(x) lcdlat.rw=x 
....................    #define lcd_rw_tris()   lcdtris.rw=0 
.................... #else 
....................    #define lcd_output_rw(x) output_bit(LCD_RW_PIN, x) 
....................    #define lcd_rw_tris()  output_drive(LCD_RW_PIN) 
.................... #endif 
....................  
.................... // original version of this library incorrectly labeled LCD_DATA0 as LCD_DATA4, 
.................... // LCD_DATA1 as LCD_DATA5, and so on.  this block of code makes the driver 
.................... // compatible with any code written for the original library 
.................... #if (defined(LCD_DATA0) && defined(LCD_DATA1) && defined(LCD_DATA2) && defined(LCD_DATA3) && !defined(LCD_DATA4) && !defined(LCD_DATA5) && !defined(LCD_DATA6) && !defined(LCD_DATA7)) 
....................    #define  LCD_DATA4    LCD_DATA0 
....................    #define  LCD_DATA5    LCD_DATA1 
....................    #define  LCD_DATA6    LCD_DATA2 
....................    #define  LCD_DATA7    LCD_DATA3 
.................... #endif 
....................  
.................... #ifndef LCD_DATA4 
.................... #ifndef LCD_DATA_PORT 
....................    #if defined(__PCB__) 
....................       #define LCD_DATA_PORT      0x06     //portb 
....................       #define set_tris_lcd(x)   set_tris_b(x) 
....................    #else 
....................      #if defined(PIN_D0) 
....................       #define LCD_DATA_PORT      getenv("SFR:PORTD")     //portd 
....................      #else 
....................       #define LCD_DATA_PORT      getenv("SFR:PORTB")     //portb 
....................      #endif 
....................    #endif    
.................... #endif 
....................  
.................... #if defined(__PCB__) 
....................    LCD_PIN_MAP lcd, lcdlat; 
....................    #byte lcd = LCD_DATA_PORT 
....................    #byte lcdlat = LCD_DATA_PORT 
.................... #elif defined(__PCM__) 
....................    LCD_PIN_MAP lcd, lcdlat, lcdtris; 
....................    #byte lcd = LCD_DATA_PORT 
....................    #byte lcdlat = LCD_DATA_PORT 
....................    #byte lcdtris = LCD_DATA_PORT+0x80 
.................... #elif defined(__PCH__) 
....................    LCD_PIN_MAP lcd, lcdlat, lcdtris; 
....................    #byte lcd = LCD_DATA_PORT 
....................    #byte lcdlat = LCD_DATA_PORT+9 
....................    #byte lcdtris = LCD_DATA_PORT+0x12 
.................... #elif defined(__PCD__) 
....................    LCD_PIN_MAP lcd, lcdlat, lcdtris; 
....................    #word lcd = LCD_DATA_PORT 
....................    #word lcdlat = LCD_DATA_PORT+2 
....................    #word lcdtris = LCD_DATA_PORT-0x02 
.................... #endif 
.................... #endif   //LCD_DATA4 not defined 
....................  
.................... #ifndef LCD_TYPE 
....................    #define LCD_TYPE 2           // 0=5x7, 1=5x10, 2=2 lines 
.................... #endif 
....................  
.................... #ifndef LCD_LINE_TWO 
....................    #define LCD_LINE_TWO 0x40    // LCD RAM address for the second line 
.................... #endif 
....................  
.................... #ifndef LCD_LINE_LENGTH 
....................    #define LCD_LINE_LENGTH 20 
.................... #endif 
....................  
.................... unsigned int8 const LCD_INIT_STRING[4] = {0x20 | (LCD_TYPE << 2), 0xc, 1, 6}; 
....................                              // These bytes need to be sent to the LCD 
....................                              // to start it up. 
....................  
.................... unsigned int8 lcd_read_nibble(void); 
....................  
.................... unsigned int8 lcd_read_byte(void) 
.................... { 
....................    unsigned int8 low,high; 
....................  
....................  #if defined(__PCB__) 
....................    set_tris_lcd(LCD_INPUT_MAP); 
....................  #else 
....................   #if (defined(LCD_DATA4) && defined(LCD_DATA5) && defined(LCD_DATA6) && defined(LCD_DATA7)) 
....................    output_float(LCD_DATA4); 
....................    output_float(LCD_DATA5); 
....................    output_float(LCD_DATA6); 
....................    output_float(LCD_DATA7); 
....................   #else 
....................    lcdtris.data = 0xF; 
*
007D:  MOVLW  0F
007E:  BSF    03.5
007F:  ANDWF  06,W
0080:  IORLW  F0
0081:  MOVWF  06
....................   #endif 
....................  #endif 
....................          
....................    lcd_output_rw(1); 
0082:  BCF    03.5
0083:  BSF    06.2
....................    delay_cycles(1); 
0084:  NOP
....................    lcd_output_enable(1); 
0085:  BSF    06.0
....................    delay_cycles(1); 
0086:  NOP
....................    high = lcd_read_nibble(); 
0087:  CALL   071
0088:  MOVF   78,W
0089:  MOVWF  40
....................        
....................    lcd_output_enable(0); 
008A:  BCF    06.0
....................    delay_cycles(1); 
008B:  NOP
....................    lcd_output_enable(1); 
008C:  BSF    06.0
....................    delay_us(1); 
008D:  NOP
....................    low = lcd_read_nibble(); 
008E:  CALL   071
008F:  MOVF   78,W
0090:  MOVWF  3F
....................        
....................    lcd_output_enable(0); 
0091:  BCF    06.0
....................  
....................  #if defined(__PCB__) 
....................    set_tris_lcd(LCD_OUTPUT_MAP); 
....................  #else 
....................   #if (defined(LCD_DATA4) && defined(LCD_DATA5) && defined(LCD_DATA6) && defined(LCD_DATA7)) 
....................    output_drive(LCD_DATA4); 
....................    output_drive(LCD_DATA5); 
....................    output_drive(LCD_DATA6); 
....................    output_drive(LCD_DATA7); 
....................   #else 
....................    lcdtris.data = 0x0; 
0092:  MOVLW  0F
0093:  BSF    03.5
0094:  ANDWF  06,W
0095:  MOVWF  06
....................   #endif 
....................  #endif 
....................  
....................    return( (high<<4) | low); 
0096:  BCF    03.5
0097:  SWAPF  40,W
0098:  MOVWF  77
0099:  MOVLW  F0
009A:  ANDWF  77,F
009B:  MOVF   77,W
009C:  IORWF  3F,W
009D:  MOVWF  78
.................... } 
....................  
.................... unsigned int8 lcd_read_nibble(void) 
.................... { 
....................   #if (defined(LCD_DATA4) && defined(LCD_DATA5) && defined(LCD_DATA6) && defined(LCD_DATA7)) 
....................    unsigned int8 n = 0x00; 
....................  
....................    /* Read the data port */ 
....................    n |= input(LCD_DATA4); 
....................    n |= input(LCD_DATA5) << 1; 
....................    n |= input(LCD_DATA6) << 2; 
....................    n |= input(LCD_DATA7) << 3; 
....................     
....................    return(n); 
....................   #else 
....................    return(lcd.data); 
*
0071:  MOVF   06,W
0072:  MOVWF  77
0073:  SWAPF  06,W
0074:  ANDLW  0F
0075:  MOVWF  78
....................   #endif 
0076:  RETURN
.................... } 
....................  
.................... void lcd_send_nibble(unsigned int8 n) 
.................... { 
....................   #if (defined(LCD_DATA4) && defined(LCD_DATA5) && defined(LCD_DATA6) && defined(LCD_DATA7)) 
....................    /* Write to the data port */ 
....................    output_bit(LCD_DATA4, bit_test(n, 0)); 
....................    output_bit(LCD_DATA5, bit_test(n, 1)); 
....................    output_bit(LCD_DATA6, bit_test(n, 2)); 
....................    output_bit(LCD_DATA7, bit_test(n, 3)); 
....................   #else       
....................    lcdlat.data = n; 
*
0065:  SWAPF  40,W
0066:  ANDLW  F0
0067:  MOVWF  77
0068:  MOVLW  0F
0069:  ANDWF  06,W
006A:  IORWF  77,W
006B:  MOVWF  06
....................   #endif 
....................        
....................    delay_cycles(1); 
006C:  NOP
....................    lcd_output_enable(1); 
006D:  BSF    06.0
....................    delay_us(2); 
006E:  GOTO   06F
....................    lcd_output_enable(0); 
006F:  BCF    06.0
0070:  RETURN
.................... } 
....................  
.................... void lcd_send_byte(unsigned int8 address, unsigned int8 n) 
.................... { 
....................   #if defined(__PCB__) 
....................    set_tris_lcd(LCD_OUTPUT_MAP); 
....................   #else 
....................    lcd_enable_tris(); 
*
0077:  BSF    03.5
0078:  BCF    06.0
....................    lcd_rs_tris(); 
0079:  BCF    06.1
....................    lcd_rw_tris(); 
007A:  BCF    06.2
....................   #endif 
....................  
....................    lcd_output_rs(0); 
007B:  BCF    03.5
007C:  BCF    06.1
....................    while ( bit_test(lcd_read_byte(),7) ) ; 
*
009E:  MOVF   78,W
009F:  MOVWF  3F
00A0:  BTFSC  3F.7
00A1:  GOTO   07D
....................    lcd_output_rs(address); 
00A2:  BTFSS  3D.0
00A3:  BCF    06.1
00A4:  BTFSC  3D.0
00A5:  BSF    06.1
....................    delay_cycles(1); 
00A6:  NOP
....................    lcd_output_rw(0); 
00A7:  BCF    06.2
....................    delay_cycles(1); 
00A8:  NOP
....................    lcd_output_enable(0); 
00A9:  BCF    06.0
....................    lcd_send_nibble(n >> 4); 
00AA:  SWAPF  3E,W
00AB:  MOVWF  3F
00AC:  MOVLW  0F
00AD:  ANDWF  3F,F
00AE:  MOVF   3F,W
00AF:  MOVWF  40
00B0:  CALL   065
....................    lcd_send_nibble(n & 0xf); 
00B1:  MOVF   3E,W
00B2:  ANDLW  0F
00B3:  MOVWF  3F
00B4:  MOVWF  40
00B5:  CALL   065
00B6:  RETURN
.................... } 
....................  
.................... #if defined(LCD_EXTENDED_NEWLINE) 
.................... unsigned int8 g_LcdX, g_LcdY; 
.................... #endif 
....................  
.................... void lcd_init(void)  
.................... { 
....................    unsigned int8 i; 
....................  
....................  #if defined(__PCB__) 
....................    set_tris_lcd(LCD_OUTPUT_MAP); 
....................  #else 
....................   #if (defined(LCD_DATA4) && defined(LCD_DATA5) && defined(LCD_DATA6) && defined(LCD_DATA7)) 
....................    output_drive(LCD_DATA4); 
....................    output_drive(LCD_DATA5); 
....................    output_drive(LCD_DATA6); 
....................    output_drive(LCD_DATA7); 
....................   #else 
....................    lcdtris.data = 0x0; 
00B7:  MOVLW  0F
00B8:  BSF    03.5
00B9:  ANDWF  06,W
00BA:  MOVWF  06
....................   #endif 
....................    lcd_enable_tris(); 
00BB:  BCF    06.0
....................    lcd_rs_tris(); 
00BC:  BCF    06.1
....................    lcd_rw_tris(); 
00BD:  BCF    06.2
....................  #endif 
....................  
....................    lcd_output_rs(0); 
00BE:  BCF    03.5
00BF:  BCF    06.1
....................    lcd_output_rw(0); 
00C0:  BCF    06.2
....................    lcd_output_enable(0); 
00C1:  BCF    06.0
....................      
....................    delay_ms(15); 
00C2:  MOVLW  0F
00C3:  MOVWF  39
00C4:  CALL   050
....................    for(i=1;i<=3;++i) 
00C5:  MOVLW  01
00C6:  MOVWF  2B
00C7:  MOVF   2B,W
00C8:  SUBLW  03
00C9:  BTFSS  03.0
00CA:  GOTO   0D3
....................    { 
....................        lcd_send_nibble(3); 
00CB:  MOVLW  03
00CC:  MOVWF  40
00CD:  CALL   065
....................        delay_ms(5); 
00CE:  MOVLW  05
00CF:  MOVWF  39
00D0:  CALL   050
00D1:  INCF   2B,F
00D2:  GOTO   0C7
....................    } 
....................     
....................    lcd_send_nibble(2); 
00D3:  MOVLW  02
00D4:  MOVWF  40
00D5:  CALL   065
....................    delay_ms(5); 
00D6:  MOVLW  05
00D7:  MOVWF  39
00D8:  CALL   050
....................    for(i=0;i<=3;++i) 
00D9:  CLRF   2B
00DA:  MOVF   2B,W
00DB:  SUBLW  03
00DC:  BTFSS  03.0
00DD:  GOTO   0E7
....................       lcd_send_byte(0,LCD_INIT_STRING[i]); 
00DE:  MOVF   2B,W
00DF:  CALL   004
00E0:  MOVWF  2C
00E1:  CLRF   3D
00E2:  MOVF   2C,W
00E3:  MOVWF  3E
00E4:  CALL   077
....................  
....................   #if defined(LCD_EXTENDED_NEWLINE) 
00E5:  INCF   2B,F
00E6:  GOTO   0DA
00E7:  BCF    0A.3
00E8:  BCF    0A.4
00E9:  GOTO   479 (RETURN)
....................    g_LcdX = 0; 
....................    g_LcdY = 0; 
....................   #endif 
.................... } 
....................  
.................... void lcd_gotoxy(unsigned int8 x, unsigned int8 y) 
.................... { 
....................    unsigned int8 address; 
....................     
....................    if(y!=1) 
*
017E:  DECFSZ 3A,W
017F:  GOTO   181
0180:  GOTO   184
....................       address=LCD_LINE_TWO; 
0181:  MOVLW  40
0182:  MOVWF  3B
0183:  GOTO   185
....................    else 
....................       address=0; 
0184:  CLRF   3B
....................       
....................    address+=x-1; 
0185:  MOVLW  01
0186:  SUBWF  39,W
0187:  ADDWF  3B,F
....................    lcd_send_byte(0,0x80|address); 
0188:  MOVF   3B,W
0189:  IORLW  80
018A:  MOVWF  3C
018B:  CLRF   3D
018C:  MOVF   3C,W
018D:  MOVWF  3E
018E:  CALL   077
....................  
....................   #if defined(LCD_EXTENDED_NEWLINE) 
018F:  RETURN
....................    g_LcdX = x - 1; 
....................    g_LcdY = y - 1; 
....................   #endif 
.................... } 
....................  
.................... void lcd_putc(char c) 
.................... { 
....................    switch (c) 
*
01DF:  MOVF   38,W
01E0:  XORLW  07
01E1:  BTFSC  03.2
01E2:  GOTO   1ED
01E3:  XORLW  0B
01E4:  BTFSC  03.2
01E5:  GOTO   1F2
01E6:  XORLW  06
01E7:  BTFSC  03.2
01E8:  GOTO   1FA
01E9:  XORLW  02
01EA:  BTFSC  03.2
01EB:  GOTO   200
01EC:  GOTO   205
....................    { 
....................       case '\a'   :  lcd_gotoxy(1,1);     break; 
01ED:  MOVLW  01
01EE:  MOVWF  39
01EF:  MOVWF  3A
01F0:  CALL   17E
01F1:  GOTO   20A
....................  
....................       case '\f'   :  lcd_send_byte(0,1); 
01F2:  CLRF   3D
01F3:  MOVLW  01
01F4:  MOVWF  3E
01F5:  CALL   077
....................                      delay_ms(2); 
01F6:  MOVLW  02
01F7:  MOVWF  39
01F8:  CALL   050
....................                     #if defined(LCD_EXTENDED_NEWLINE) 
....................                      g_LcdX = 0; 
....................                      g_LcdY = 0; 
....................                     #endif 
....................                      break; 
01F9:  GOTO   20A
....................  
....................      #if defined(LCD_EXTENDED_NEWLINE) 
....................       case '\r'   :  lcd_gotoxy(1, g_LcdY+1);   break; 
....................       case '\n'   : 
....................          while (g_LcdX++ < LCD_LINE_LENGTH) 
....................          { 
....................             lcd_send_byte(1, ' '); 
....................          } 
....................          lcd_gotoxy(1, g_LcdY+2); 
....................          break; 
....................      #else 
....................       case '\n'   : lcd_gotoxy(1,2);        break; 
01FA:  MOVLW  01
01FB:  MOVWF  39
01FC:  MOVLW  02
01FD:  MOVWF  3A
01FE:  CALL   17E
01FF:  GOTO   20A
....................      #endif 
....................       
....................       case '\b'   : lcd_send_byte(0,0x10);  break; 
0200:  CLRF   3D
0201:  MOVLW  10
0202:  MOVWF  3E
0203:  CALL   077
0204:  GOTO   20A
....................       
....................      #if defined(LCD_EXTENDED_NEWLINE) 
....................       default     :  
....................          if (g_LcdX < LCD_LINE_LENGTH) 
....................          { 
....................             lcd_send_byte(1, c); 
....................             g_LcdX++; 
....................          } 
....................          break; 
....................      #else 
....................       default     : lcd_send_byte(1,c);     break; 
0205:  MOVLW  01
0206:  MOVWF  3D
0207:  MOVF   38,W
0208:  MOVWF  3E
0209:  CALL   077
....................      #endif 
....................    } 
020A:  RETURN
.................... } 
....................   
.................... char lcd_getc(unsigned int8 x, unsigned int8 y) 
.................... { 
....................    char value; 
....................  
....................    lcd_gotoxy(x,y); 
....................    while ( bit_test(lcd_read_byte(),7) ); // wait until busy flag is low 
....................    lcd_output_rs(1); 
....................    value = lcd_read_byte(); 
....................    lcd_output_rs(0); 
....................     
....................    return(value); 
.................... } 
....................  
.................... // write a custom character to the ram 
.................... // which is 0-7 and specifies which character array we are modifying. 
.................... // ptr points to an array of 8 bytes, where each byte is the next row of 
.................... //    pixels.  only bits 0-4 are used.  the last row is the cursor row, and 
.................... //    usually you will want to leave this byte 0x00. 
.................... void lcd_set_cgram_char(unsigned int8 which, unsigned int8 *ptr) 
.................... { 
....................    unsigned int i; 
....................  
....................    which <<= 3; 
....................    which &= 0x38; 
....................  
....................    lcd_send_byte(0, 0x40 | which);  //set cgram address 
....................  
....................    for(i=0; i<8; i++) 
....................    { 
....................       lcd_send_byte(1, *ptr++); 
....................    } 
....................    
....................    #if defined(LCD_EXTENDED_NEWLINE) 
....................     lcd_gotoxy(g_LcdX+1, g_LcdY+1);  //set ddram address 
....................    #endif 
.................... } 
....................  
.................... void lcd_cursor_on(int1 on) 
.................... { 
....................    if (on) 
....................    { 
....................       lcd_send_byte(0,0x0F);           //turn LCD cursor ON 
....................    } 
....................    else 
....................    { 
....................       lcd_send_byte(0,0x0C);           //turn LCD cursor OFF 
....................    } 
.................... } 
....................  
.................... #endif 
....................  
.................... #use standard_io(C) 
.................... #use standard_io(A) 
....................  
.................... enum funciones{med,cal,ini};  // asigna un valor a cada elemento   
....................                                // med=0 , cal = 1  e ini = 2 
.................... //programa 1                                
.................... void medir(void){    // algoritmo de funcionamiento del motor por 1 minuto 
.................... int i; 
....................     output_high(PIN_C0); 
*
038D:  BCF    20.0
038E:  MOVF   20,W
038F:  BSF    03.5
0390:  MOVWF  07
0391:  BCF    03.5
0392:  BSF    07.0
....................     lcd_gotoxy(3,1); 
0393:  MOVLW  03
0394:  MOVWF  39
0395:  MOVLW  01
0396:  MOVWF  3A
0397:  CALL   17E
....................  for(i=0;i<=30;i++){ //bucle for para contar los 60 segundos 
0398:  CLRF   2C
0399:  MOVF   2C,W
039A:  SUBLW  1E
039B:  BTFSS  03.0
039C:  GOTO   3C8
....................     lcd_putc("\f"); 
039D:  MOVLW  0C
039E:  BSF    03.6
039F:  MOVWF  0D
03A0:  MOVLW  00
03A1:  MOVWF  0F
03A2:  BCF    03.6
03A3:  CALL   2ED
....................     delay_ms(200); 
03A4:  MOVLW  C8
03A5:  MOVWF  39
03A6:  CALL   050
....................     lcd_gotoxy(3,1); 
03A7:  MOVLW  03
03A8:  MOVWF  39
03A9:  MOVLW  01
03AA:  MOVWF  3A
03AB:  CALL   17E
....................     lcd_putc("Refrigerando"); 
03AC:  MOVLW  0D
03AD:  BSF    03.6
03AE:  MOVWF  0D
03AF:  MOVLW  00
03B0:  MOVWF  0F
03B1:  BCF    03.6
03B2:  CALL   2ED
....................     lcd_gotoxy(5,2); 
03B3:  MOVLW  05
03B4:  MOVWF  39
03B5:  MOVLW  02
03B6:  MOVWF  3A
03B7:  CALL   17E
....................     lcd_putc("espere"); 
03B8:  MOVLW  14
03B9:  BSF    03.6
03BA:  MOVWF  0D
03BB:  MOVLW  00
03BC:  MOVWF  0F
03BD:  BCF    03.6
03BE:  CALL   2ED
....................     delay_ms(1400); 
03BF:  MOVLW  07
03C0:  MOVWF  2D
03C1:  MOVLW  C8
03C2:  MOVWF  39
03C3:  CALL   050
03C4:  DECFSZ 2D,F
03C5:  GOTO   3C1
03C6:  INCF   2C,F
03C7:  GOTO   399
.................... } 
....................     output_low(PIN_C0); 
03C8:  BCF    20.0
03C9:  MOVF   20,W
03CA:  BSF    03.5
03CB:  MOVWF  07
03CC:  BCF    03.5
03CD:  BCF    07.0
....................     lcd_putc("\f"); 
03CE:  MOVLW  18
03CF:  BSF    03.6
03D0:  MOVWF  0D
03D1:  MOVLW  00
03D2:  MOVWF  0F
03D3:  BCF    03.6
03D4:  CALL   2ED
.................... } 
....................  
.................... //programa 2 
.................... void calibrar(void){   // algoritmo de funcionamiento del motor por 2 minutos 
.................... int i; 
....................     output_high(PIN_C0); 
*
03D6:  BCF    20.0
03D7:  MOVF   20,W
03D8:  BSF    03.5
03D9:  MOVWF  07
03DA:  BCF    03.5
03DB:  BSF    07.0
....................     lcd_gotoxy(3,1); 
03DC:  MOVLW  03
03DD:  MOVWF  39
03DE:  MOVLW  01
03DF:  MOVWF  3A
03E0:  CALL   17E
.................... for(i=0;i<=60;i++){  //bucle for para contar los 120 segundos 
03E1:  CLRF   2C
03E2:  MOVF   2C,W
03E3:  SUBLW  3C
03E4:  BTFSS  03.0
03E5:  GOTO   411
....................     lcd_putc("\f"); 
03E6:  MOVLW  19
03E7:  BSF    03.6
03E8:  MOVWF  0D
03E9:  MOVLW  00
03EA:  MOVWF  0F
03EB:  BCF    03.6
03EC:  CALL   2ED
....................     delay_ms(200); 
03ED:  MOVLW  C8
03EE:  MOVWF  39
03EF:  CALL   050
....................     lcd_gotoxy(3,1); 
03F0:  MOVLW  03
03F1:  MOVWF  39
03F2:  MOVLW  01
03F3:  MOVWF  3A
03F4:  CALL   17E
....................     lcd_putc("Refrigerando"); 
03F5:  MOVLW  1A
03F6:  BSF    03.6
03F7:  MOVWF  0D
03F8:  MOVLW  00
03F9:  MOVWF  0F
03FA:  BCF    03.6
03FB:  CALL   2ED
....................     lcd_gotoxy(5,2); 
03FC:  MOVLW  05
03FD:  MOVWF  39
03FE:  MOVLW  02
03FF:  MOVWF  3A
0400:  CALL   17E
....................     lcd_putc("espere");   
0401:  MOVLW  21
0402:  BSF    03.6
0403:  MOVWF  0D
0404:  MOVLW  00
0405:  MOVWF  0F
0406:  BCF    03.6
0407:  CALL   2ED
....................     delay_ms(1400); 
0408:  MOVLW  07
0409:  MOVWF  2D
040A:  MOVLW  C8
040B:  MOVWF  39
040C:  CALL   050
040D:  DECFSZ 2D,F
040E:  GOTO   40A
040F:  INCF   2C,F
0410:  GOTO   3E2
.................... } 
....................     output_low(PIN_C0); 
0411:  BCF    20.0
0412:  MOVF   20,W
0413:  BSF    03.5
0414:  MOVWF  07
0415:  BCF    03.5
0416:  BCF    07.0
....................     lcd_putc("\f");    
0417:  MOVLW  25
0418:  BSF    03.6
0419:  MOVWF  0D
041A:  MOVLW  00
041B:  MOVWF  0F
041C:  BCF    03.6
041D:  CALL   2ED
.................... } 
....................  
.................... //programa 3 
.................... void inicializar(void){   //algoritmo de funcionamiento del motor por 3 minutos 
.................... int i; 
....................     output_high(PIN_C0); 
*
041F:  BCF    20.0
0420:  MOVF   20,W
0421:  BSF    03.5
0422:  MOVWF  07
0423:  BCF    03.5
0424:  BSF    07.0
....................     lcd_gotoxy(3,1); 
0425:  MOVLW  03
0426:  MOVWF  39
0427:  MOVLW  01
0428:  MOVWF  3A
0429:  CALL   17E
.................... for(i=0;i<=90;i++){ //bucle for para contar los 180 segundos 
042A:  CLRF   2C
042B:  MOVF   2C,W
042C:  SUBLW  5A
042D:  BTFSS  03.0
042E:  GOTO   45A
....................     lcd_putc("\f"); 
042F:  MOVLW  26
0430:  BSF    03.6
0431:  MOVWF  0D
0432:  MOVLW  00
0433:  MOVWF  0F
0434:  BCF    03.6
0435:  CALL   2ED
....................     delay_ms(200); 
0436:  MOVLW  C8
0437:  MOVWF  39
0438:  CALL   050
....................     lcd_gotoxy(3,1); 
0439:  MOVLW  03
043A:  MOVWF  39
043B:  MOVLW  01
043C:  MOVWF  3A
043D:  CALL   17E
....................     lcd_putc("Refrigerando"); 
043E:  MOVLW  27
043F:  BSF    03.6
0440:  MOVWF  0D
0441:  MOVLW  00
0442:  MOVWF  0F
0443:  BCF    03.6
0444:  CALL   2ED
....................     lcd_gotoxy(5,2); 
0445:  MOVLW  05
0446:  MOVWF  39
0447:  MOVLW  02
0448:  MOVWF  3A
0449:  CALL   17E
....................     lcd_putc("espere"); 
044A:  MOVLW  2E
044B:  BSF    03.6
044C:  MOVWF  0D
044D:  MOVLW  00
044E:  MOVWF  0F
044F:  BCF    03.6
0450:  CALL   2ED
....................     delay_ms(1400); 
0451:  MOVLW  07
0452:  MOVWF  2D
0453:  MOVLW  C8
0454:  MOVWF  39
0455:  CALL   050
0456:  DECFSZ 2D,F
0457:  GOTO   453
0458:  INCF   2C,F
0459:  GOTO   42B
.................... } 
....................     output_low(PIN_C0); 
045A:  BCF    20.0
045B:  MOVF   20,W
045C:  BSF    03.5
045D:  MOVWF  07
045E:  BCF    03.5
045F:  BCF    07.0
....................     lcd_putc("\f"); 
0460:  MOVLW  32
0461:  BSF    03.6
0462:  MOVWF  0D
0463:  MOVLW  00
0464:  MOVWF  0F
0465:  BCF    03.6
0466:  CALL   2ED
.................... } 
....................  
.................... // programa para asignar un numero de la variable item a los 3 programas anteriores 
.................... void run_func(int numfunc){   
....................  
.................... switch(numfunc){ 
*
0382:  MOVF   2B,W
0383:  XORLW  00
0384:  BTFSC  03.2
0385:  GOTO   38D
0386:  XORLW  01
0387:  BTFSC  03.2
0388:  GOTO   3D6
0389:  XORLW  03
038A:  BTFSC  03.2
038B:  GOTO   41F
038C:  GOTO   467
.................... case med: 
.................... medir(); 
.................... break; 
*
03D5:  GOTO   467
.................... case cal: 
.................... calibrar(); 
.................... break; 
*
041E:  GOTO   467
.................... case ini: 
.................... inicializar(); 
.................... break; 
.................... } 
*
0467:  BCF    0A.3
0468:  BCF    0A.4
0469:  GOTO   5BF (RETURN)
.................... } 
....................  
.................... //programa principal 
.................... void main(){ 
046A:  MOVF   03,W
046B:  ANDLW  1F
046C:  MOVWF  03
046D:  MOVLW  FF
046E:  MOVWF  20
046F:  BSF    03.5
0470:  BSF    1F.0
0471:  BSF    1F.1
0472:  BSF    1F.2
0473:  BCF    1F.3
0474:  BCF    03.7
0475:  MOVLW  03
0476:  BCF    03.5
0477:  MOVWF  2A
.................... float temper, medicion;// variables para sensor de temperatura 
.................... char item;  // variables para las funciones de los minutos 
.................... char n_menus = 3; 
....................     lcd_init(); 
0478:  GOTO   0B7
....................    
.................... while(1){                   
....................     setup_adc (adc_clock_internal);//programa sensor de temperatura 
0479:  BSF    1F.6
047A:  BSF    1F.7
047B:  BSF    03.5
047C:  BSF    1F.7
047D:  BCF    03.5
047E:  BSF    1F.0
....................     setup_adc_ports(AN0); 
047F:  BSF    03.5
0480:  BCF    1F.0
0481:  BSF    1F.1
0482:  BSF    1F.2
0483:  BSF    1F.3
....................     set_adc_channel (0); 
0484:  MOVLW  00
0485:  MOVWF  78
0486:  BCF    03.5
0487:  MOVF   1F,W
0488:  ANDLW  C7
0489:  IORWF  78,W
048A:  MOVWF  1F
....................     medicion=read_adc (); 
048B:  BSF    1F.2
048C:  BTFSC  1F.2
048D:  GOTO   48C
048E:  MOVF   1E,W
048F:  MOVWF  7A
0490:  BSF    03.5
0491:  MOVF   1E,W
0492:  BCF    03.5
0493:  MOVWF  2B
0494:  MOVF   1E,W
0495:  MOVWF  2C
0496:  GOTO   0EA
0497:  MOVF   7A,W
0498:  MOVWF  28
0499:  MOVF   79,W
049A:  MOVWF  27
049B:  MOVF   78,W
049C:  MOVWF  26
049D:  MOVF   77,W
049E:  MOVWF  25
....................     setup_adc (adc_off); 
049F:  BCF    1F.0
....................     temper=medicion*(0.48875); 
04A0:  MOVF   28,W
04A1:  MOVWF  3B
04A2:  MOVF   27,W
04A3:  MOVWF  3A
04A4:  MOVF   26,W
04A5:  MOVWF  39
04A6:  MOVF   25,W
04A7:  MOVWF  38
04A8:  MOVLW  71
04A9:  MOVWF  3F
04AA:  MOVLW  3D
04AB:  MOVWF  3E
04AC:  MOVLW  7A
04AD:  MOVWF  3D
04AE:  MOVLW  7D
04AF:  MOVWF  3C
04B0:  CALL   109
04B1:  MOVF   7A,W
04B2:  MOVWF  24
04B3:  MOVF   79,W
04B4:  MOVWF  23
04B5:  MOVF   78,W
04B6:  MOVWF  22
04B7:  MOVF   77,W
04B8:  MOVWF  21
....................     lcd_gotoxy(8,1); 
04B9:  MOVLW  08
04BA:  MOVWF  39
04BB:  MOVLW  01
04BC:  MOVWF  3A
04BD:  CALL   17E
....................     delay_ms(300); 
04BE:  MOVLW  02
04BF:  MOVWF  2B
04C0:  MOVLW  96
04C1:  MOVWF  39
04C2:  CALL   050
04C3:  DECFSZ 2B,F
04C4:  GOTO   4C0
....................     printf(lcd_putc, "%02.1f",temper); 
04C5:  MOVLW  41
04C6:  MOVWF  04
04C7:  MOVF   24,W
04C8:  MOVWF  2E
04C9:  MOVF   23,W
04CA:  MOVWF  2D
04CB:  MOVF   22,W
04CC:  MOVWF  2C
04CD:  MOVF   21,W
04CE:  MOVWF  2B
04CF:  MOVLW  01
04D0:  MOVWF  2F
04D1:  GOTO   20B
....................     lcd_gotoxy(12,1); 
04D2:  MOVLW  0C
04D3:  MOVWF  39
04D4:  MOVLW  01
04D5:  MOVWF  3A
04D6:  CALL   17E
....................     lcd_putc("oC"); 
04D7:  MOVLW  33
04D8:  BSF    03.6
04D9:  MOVWF  0D
04DA:  MOVLW  00
04DB:  MOVWF  0F
04DC:  BCF    03.6
04DD:  CALL   2ED
....................  
.................... if (medicion*(0.48875)>=4){ // si la temperatura es mayor a 4 se enciende el modulo peltier 
04DE:  MOVF   28,W
04DF:  MOVWF  3B
04E0:  MOVF   27,W
04E1:  MOVWF  3A
04E2:  MOVF   26,W
04E3:  MOVWF  39
04E4:  MOVF   25,W
04E5:  MOVWF  38
04E6:  MOVLW  71
04E7:  MOVWF  3F
04E8:  MOVLW  3D
04E9:  MOVWF  3E
04EA:  MOVLW  7A
04EB:  MOVWF  3D
04EC:  MOVLW  7D
04ED:  MOVWF  3C
04EE:  CALL   109
04EF:  MOVF   7A,W
04F0:  MOVWF  2E
04F1:  MOVF   79,W
04F2:  MOVWF  2D
04F3:  MOVF   78,W
04F4:  MOVWF  2C
04F5:  MOVF   77,W
04F6:  MOVWF  2B
04F7:  CLRF   32
04F8:  CLRF   31
04F9:  CLRF   30
04FA:  MOVLW  81
04FB:  MOVWF  2F
04FC:  MOVF   2E,W
04FD:  MOVWF  36
04FE:  MOVF   2D,W
04FF:  MOVWF  35
0500:  MOVF   2C,W
0501:  MOVWF  34
0502:  MOVF   2B,W
0503:  MOVWF  33
0504:  CALL   343
0505:  BTFSC  03.0
0506:  GOTO   509
0507:  BTFSS  03.2
0508:  GOTO   50F
....................      output_high(pin_C1) ; 
0509:  BCF    20.1
050A:  MOVF   20,W
050B:  BSF    03.5
050C:  MOVWF  07
050D:  BCF    03.5
050E:  BSF    07.1
.................... } 
.................... if (medicion*(0.48875)<4){ //si la temperatura es menor a 4 se apagar el modulo peltier 
050F:  MOVF   28,W
0510:  MOVWF  3B
0511:  MOVF   27,W
0512:  MOVWF  3A
0513:  MOVF   26,W
0514:  MOVWF  39
0515:  MOVF   25,W
0516:  MOVWF  38
0517:  MOVLW  71
0518:  MOVWF  3F
0519:  MOVLW  3D
051A:  MOVWF  3E
051B:  MOVLW  7A
051C:  MOVWF  3D
051D:  MOVLW  7D
051E:  MOVWF  3C
051F:  CALL   109
0520:  MOVF   7A,W
0521:  MOVWF  2E
0522:  MOVF   79,W
0523:  MOVWF  2D
0524:  MOVF   78,W
0525:  MOVWF  2C
0526:  MOVF   77,W
0527:  MOVWF  2B
0528:  MOVF   2E,W
0529:  MOVWF  32
052A:  MOVF   2D,W
052B:  MOVWF  31
052C:  MOVF   2C,W
052D:  MOVWF  30
052E:  MOVF   2B,W
052F:  MOVWF  2F
0530:  CLRF   36
0531:  CLRF   35
0532:  CLRF   34
0533:  MOVLW  81
0534:  MOVWF  33
0535:  CALL   343
0536:  BTFSS  03.0
0537:  GOTO   53E
....................     output_low(pin_C1); 
0538:  BCF    20.1
0539:  MOVF   20,W
053A:  BSF    03.5
053B:  MOVWF  07
053C:  BCF    03.5
053D:  BCF    07.1
.................... } 
....................  
....................                              // aqui inicia el programa del menu 
....................  
....................                             // detecta boton para cambiar la seleccion para minutos 
.................... if (input(PIN_A1)==1){     //    
053E:  BSF    03.5
053F:  BSF    05.1
0540:  BCF    03.5
0541:  BTFSS  05.1
0542:  GOTO   54A
....................     item++;                    // aumenta la variable  item 
0543:  INCF   29,F
....................     delay_ms(100);             // retardo antirebotes  
0544:  MOVLW  64
0545:  MOVWF  39
0546:  CALL   050
....................     lcd_putc('\f'); 
0547:  MOVLW  0C
0548:  MOVWF  38
0549:  CALL   1DF
.................... } 
.................... if(item >(n_menus-1)){     // si la variable supera  el numero de funciones    
054A:  MOVLW  01
054B:  SUBWF  2A,W
054C:  SUBWF  29,W
054D:  BTFSC  03.2
054E:  GOTO   551
054F:  BTFSC  03.0
....................     item=0;                    // inicializa la variable 
0550:  CLRF   29
.................... } 
....................  
.................... switch(item){ // programa muestra en la pantalla la opcion para seleccionar segun la variable item 
0551:  MOVF   29,W
0552:  BTFSC  03.2
0553:  GOTO   55B
0554:  XORLW  01
0555:  BTFSC  03.2
0556:  GOTO   579
0557:  XORLW  03
0558:  BTFSC  03.2
0559:  GOTO   597
055A:  GOTO   5B4
....................  
.................... case 0:              // case 0 muestra la opcion de 1 minuto 
....................     lcd_gotoxy(3,1);   
055B:  MOVLW  03
055C:  MOVWF  39
055D:  MOVLW  01
055E:  MOVWF  3A
055F:  CALL   17E
....................     lcd_putc("Temp="); 
0560:  MOVLW  35
0561:  BSF    03.6
0562:  MOVWF  0D
0563:  MOVLW  00
0564:  MOVWF  0F
0565:  BCF    03.6
0566:  CALL   2ED
....................     lcd_gotoxy(3,2); 
0567:  MOVLW  03
0568:  MOVWF  39
0569:  MOVLW  02
056A:  MOVWF  3A
056B:  CALL   17E
....................     printf(lcd_putc,"Minutos : 1"); 
056C:  MOVLW  38
056D:  BSF    03.6
056E:  MOVWF  0D
056F:  MOVLW  00
0570:  MOVWF  0F
0571:  BCF    03.6
0572:  CALL   2ED
....................     lcd_gotoxy(3,2); 
0573:  MOVLW  03
0574:  MOVWF  39
0575:  MOVLW  02
0576:  MOVWF  3A
0577:  CALL   17E
.................... break; 
0578:  GOTO   5B4
....................  
.................... case 1:             //case 1 muestra la opcion de 2 minutos 
....................     lcd_gotoxy(3,1); 
0579:  MOVLW  03
057A:  MOVWF  39
057B:  MOVLW  01
057C:  MOVWF  3A
057D:  CALL   17E
....................     lcd_putc("Temp="); 
057E:  MOVLW  3E
057F:  BSF    03.6
0580:  MOVWF  0D
0581:  MOVLW  00
0582:  MOVWF  0F
0583:  BCF    03.6
0584:  CALL   2ED
....................     lcd_gotoxy(3,2); 
0585:  MOVLW  03
0586:  MOVWF  39
0587:  MOVLW  02
0588:  MOVWF  3A
0589:  CALL   17E
....................     printf(lcd_putc,"Minutos : 2"); 
058A:  MOVLW  41
058B:  BSF    03.6
058C:  MOVWF  0D
058D:  MOVLW  00
058E:  MOVWF  0F
058F:  BCF    03.6
0590:  CALL   2ED
....................     lcd_gotoxy(3,2); 
0591:  MOVLW  03
0592:  MOVWF  39
0593:  MOVLW  02
0594:  MOVWF  3A
0595:  CALL   17E
.................... break; 
0596:  GOTO   5B4
....................  
.................... case 2:             //case 2 muestra la opcion de 3 minutos 
....................     lcd_gotoxy(3,1); 
0597:  MOVLW  03
0598:  MOVWF  39
0599:  MOVLW  01
059A:  MOVWF  3A
059B:  CALL   17E
....................     lcd_putc("Temp="); 
059C:  MOVLW  47
059D:  BSF    03.6
059E:  MOVWF  0D
059F:  MOVLW  00
05A0:  MOVWF  0F
05A1:  BCF    03.6
05A2:  CALL   2ED
....................     lcd_gotoxy(3,2); 
05A3:  MOVLW  03
05A4:  MOVWF  39
05A5:  MOVLW  02
05A6:  MOVWF  3A
05A7:  CALL   17E
....................     printf(lcd_putc,"Minutos : 3"); 
05A8:  MOVLW  4A
05A9:  BSF    03.6
05AA:  MOVWF  0D
05AB:  MOVLW  00
05AC:  MOVWF  0F
05AD:  BCF    03.6
05AE:  CALL   2ED
....................     lcd_gotoxy(3,2); 
05AF:  MOVLW  03
05B0:  MOVWF  39
05B1:  MOVLW  02
05B2:  MOVWF  3A
05B3:  CALL   17E
.................... break; 
.................... } 
.................... if (input(PIN_A2)==1){     //detecta si se presiono boton de seleccion de opcion mostrada en la pantalla 
05B4:  BSF    03.5
05B5:  BSF    05.2
05B6:  BCF    03.5
05B7:  BTFSS  05.2
05B8:  GOTO   5BF
....................     delay_ms(100);        //retardo antirebotes 
05B9:  MOVLW  64
05BA:  MOVWF  39
05BB:  CALL   050
....................     run_func(item);  //inicializa los programas con las funciones asignadas al inicio de todo el programa 
05BC:  MOVF   29,W
05BD:  MOVWF  2B
05BE:  GOTO   382
....................                      // (void medir), (void calibrar), (void inicializar) 
.................... } 
05BF:  GOTO   479
.................... } 
.................... } 
....................  
05C0:  SLEEP
....................  
....................  
....................  
....................  
....................  

Configuration Fuses:
   Word  1: 3F39   XT NOWDT NOPUT NOBROWNOUT NOLVP NOCPD NOWRT NODEBUG NOPROTECT
